{"C:\\Users\\ernany.goncalves\\Desktop\\sensedia-app\\src\\components\\header\\Header.tsx": {"path":"C:\\Users\\ernany.goncalves\\Desktop\\sensedia-app\\src\\components\\header\\Header.tsx","statementMap":{"0":{"start":{"line":1,"column":0},"end":{"line":1,"column":49}},"1":{"start":{"line":2,"column":0},"end":{"line":2,"column":45}},"2":{"start":{"line":3,"column":0},"end":{"line":3,"column":38}},"3":{"start":{"line":5,"column":21},"end":{"line":10,"column":null}},"4":{"start":{"line":12,"column":22},"end":{"line":22,"column":1}},"5":{"start":{"line":13,"column":4},"end":{"line":21,"column":null}},"6":{"start":{"line":12,"column":13},"end":{"line":12,"column":22}}},"fnMap":{"0":{"name":"(anonymous_0)","decl":{"start":{"line":12,"column":22},"end":{"line":12,"column":25}},"loc":{"start":{"line":12,"column":27},"end":{"line":22,"column":1}}}},"branchMap":{},"s":{"0":1,"1":1,"2":1,"3":1,"4":1,"5":1,"6":1},"f":{"0":1},"b":{}}
}
