{"C:\\Users\\ernany.goncalves\\Desktop\\sensedia-app\\src\\components\\search\\Search.tsx": {"path":"C:\\Users\\ernany.goncalves\\Desktop\\sensedia-app\\src\\components\\search\\Search.tsx","statementMap":{"0":{"start":{"line":1,"column":0},"end":{"line":1,"column":47}},"1":{"start":{"line":2,"column":0},"end":{"line":2,"column":76}},"2":{"start":{"line":3,"column":0},"end":{"line":3,"column":52}},"3":{"start":{"line":4,"column":0},"end":{"line":4,"column":92}},"4":{"start":{"line":5,"column":0},"end":{"line":5,"column":46}},"5":{"start":{"line":6,"column":0},"end":{"line":6,"column":33}},"6":{"start":{"line":7,"column":0},"end":{"line":7,"column":39}},"7":{"start":{"line":8,"column":0},"end":{"line":8,"column":52}},"8":{"start":{"line":11,"column":22},"end":{"line":15,"column":2}},"9":{"start":{"line":17,"column":22},"end":{"line":70,"column":1}},"10":{"start":{"line":19,"column":27},"end":{"line":19,"column":39}},"11":{"start":{"line":21,"column":21},"end":{"line":21,"column":58}},"12":{"start":{"line":21,"column":43},"end":{"line":21,"column":57}},"13":{"start":{"line":22,"column":23},"end":{"line":22,"column":62}},"14":{"start":{"line":22,"column":45},"end":{"line":22,"column":61}},"15":{"start":{"line":23,"column":26},"end":{"line":23,"column":68}},"16":{"start":{"line":23,"column":48},"end":{"line":23,"column":67}},"17":{"start":{"line":24,"column":27},"end":{"line":24,"column":70}},"18":{"start":{"line":24,"column":49},"end":{"line":24,"column":69}},"19":{"start":{"line":25,"column":23},"end":{"line":25,"column":62}},"20":{"start":{"line":25,"column":45},"end":{"line":25,"column":61}},"21":{"start":{"line":26,"column":24},"end":{"line":26,"column":64}},"22":{"start":{"line":26,"column":46},"end":{"line":26,"column":63}},"23":{"start":{"line":28,"column":25},"end":{"line":33,"column":5}},"24":{"start":{"line":29,"column":8},"end":{"line":29,"column":28}},"25":{"start":{"line":31,"column":8},"end":{"line":31,"column":28}},"26":{"start":{"line":32,"column":8},"end":{"line":32,"column":20}},"27":{"start":{"line":35,"column":24},"end":{"line":40,"column":5}},"28":{"start":{"line":36,"column":8},"end":{"line":36,"column":20}},"29":{"start":{"line":37,"column":8},"end":{"line":37,"column":26}},"30":{"start":{"line":38,"column":8},"end":{"line":38,"column":26}},"31":{"start":{"line":39,"column":8},"end":{"line":39,"column":23}},"32":{"start":{"line":42,"column":32},"end":{"line":45,"column":5}},"33":{"start":{"line":43,"column":8},"end":{"line":43,"column":34}},"34":{"start":{"line":44,"column":8},"end":{"line":44,"column":26}},"35":{"start":{"line":47,"column":4},"end":{"line":69,"column":null}},"36":{"start":{"line":51,"column":81},"end":{"line":51,"column":102}},"37":{"start":{"line":17,"column":13},"end":{"line":17,"column":22}}},"fnMap":{"0":{"name":"(anonymous_0)","decl":{"start":{"line":17,"column":22},"end":{"line":17,"column":25}},"loc":{"start":{"line":17,"column":27},"end":{"line":70,"column":1}}},"1":{"name":"(anonymous_1)","decl":{"start":{"line":21,"column":34},"end":{"line":21,"column":39}},"loc":{"start":{"line":21,"column":43},"end":{"line":21,"column":57}}},"2":{"name":"(anonymous_2)","decl":{"start":{"line":22,"column":36},"end":{"line":22,"column":41}},"loc":{"start":{"line":22,"column":45},"end":{"line":22,"column":61}}},"3":{"name":"(anonymous_3)","decl":{"start":{"line":23,"column":39},"end":{"line":23,"column":44}},"loc":{"start":{"line":23,"column":48},"end":{"line":23,"column":67}}},"4":{"name":"(anonymous_4)","decl":{"start":{"line":24,"column":40},"end":{"line":24,"column":45}},"loc":{"start":{"line":24,"column":49},"end":{"line":24,"column":69}}},"5":{"name":"(anonymous_5)","decl":{"start":{"line":25,"column":36},"end":{"line":25,"column":41}},"loc":{"start":{"line":25,"column":45},"end":{"line":25,"column":61}}},"6":{"name":"(anonymous_6)","decl":{"start":{"line":26,"column":37},"end":{"line":26,"column":42}},"loc":{"start":{"line":26,"column":46},"end":{"line":26,"column":63}}},"7":{"name":"(anonymous_7)","decl":{"start":{"line":28,"column":25},"end":{"line":28,"column":26}},"loc":{"start":{"line":28,"column":37},"end":{"line":33,"column":5}}},"8":{"name":"(anonymous_8)","decl":{"start":{"line":35,"column":24},"end":{"line":35,"column":27}},"loc":{"start":{"line":35,"column":29},"end":{"line":40,"column":5}}},"9":{"name":"(anonymous_9)","decl":{"start":{"line":42,"column":32},"end":{"line":42,"column":33}},"loc":{"start":{"line":42,"column":52},"end":{"line":45,"column":5}}},"10":{"name":"(anonymous_10)","decl":{"start":{"line":51,"column":65},"end":{"line":51,"column":66}},"loc":{"start":{"line":51,"column":81},"end":{"line":51,"column":102}}}},"branchMap":{},"s":{"0":1,"1":1,"2":1,"3":1,"4":1,"5":1,"6":1,"7":1,"8":1,"9":1,"10":3,"11":2,"12":0,"13":0,"14":0,"15":0,"16":0,"17":0,"18":0,"19":0,"20":0,"21":0,"22":0,"23":0,"24":0,"25":0,"26":0,"27":0,"28":0,"29":0,"30":0,"31":0,"32":0,"33":0,"34":0,"35":0,"36":0,"37":1},"f":{"0":3,"1":0,"2":0,"3":0,"4":0,"5":0,"6":0,"7":0,"8":0,"9":0,"10":0},"b":{}}
}
