TN:
SF:src\components\search\Search.tsx
FN:17,(anonymous_0)
FN:21,(anonymous_1)
FN:22,(anonymous_2)
FN:23,(anonymous_3)
FN:24,(anonymous_4)
FN:25,(anonymous_5)
FN:26,(anonymous_6)
FN:28,(anonymous_7)
FN:35,(anonymous_8)
FN:42,(anonymous_9)
FN:51,(anonymous_10)
FNF:11
FNH:3
FNDA:3,(anonymous_0)
FNDA:0,(anonymous_1)
FNDA:0,(anonymous_2)
FNDA:0,(anonymous_3)
FNDA:0,(anonymous_4)
FNDA:0,(anonymous_5)
FNDA:0,(anonymous_6)
FNDA:1,(anonymous_7)
FNDA:0,(anonymous_8)
FNDA:0,(anonymous_9)
FNDA:1,(anonymous_10)
DA:1,1
DA:2,1
DA:3,1
DA:4,1
DA:5,1
DA:6,1
DA:7,1
DA:8,1
DA:11,1
DA:17,1
DA:19,3
DA:21,2
DA:22,2
DA:23,2
DA:24,2
DA:25,2
DA:26,2
DA:28,2
DA:29,1
DA:31,1
DA:32,0
DA:35,2
DA:36,0
DA:37,0
DA:38,0
DA:39,0
DA:42,2
DA:43,0
DA:44,0
DA:47,2
DA:51,1
LF:31
LH:24
BRF:0
BRH:0
end_of_record
TN:
SF:src\hooks\usePostStore.ts
FN:4,(anonymous_0)
FN:11,(anonymous_1)
FN:11,(anonymous_2)
FN:12,(anonymous_3)
FN:12,(anonymous_4)
FN:13,(anonymous_5)
FN:13,(anonymous_6)
FN:14,(anonymous_7)
FN:14,(anonymous_8)
FN:15,(anonymous_9)
FN:15,(anonymous_10)
FN:16,(anonymous_11)
FN:16,(anonymous_12)
FNF:13
FNH:1
FNDA:1,(anonymous_0)
FNDA:0,(anonymous_1)
FNDA:0,(anonymous_2)
FNDA:0,(anonymous_3)
FNDA:0,(anonymous_4)
FNDA:0,(anonymous_5)
FNDA:0,(anonymous_6)
FNDA:0,(anonymous_7)
FNDA:0,(anonymous_8)
FNDA:0,(anonymous_9)
FNDA:0,(anonymous_10)
FNDA:0,(anonymous_11)
FNDA:0,(anonymous_12)
DA:1,1
DA:4,1
DA:11,0
DA:12,0
DA:13,0
DA:14,0
DA:15,0
DA:16,0
DA:19,1
LF:9
LH:3
BRF:0
BRH:0
end_of_record
